Arguments: 
  C:\Program Files\nodejs\node.exe C:\Users\kayae\AppData\Roaming\npm\node_modules\yarn\bin\yarn.js add bootstrap

PATH: 
  C:\Program Files\Common Files\Oracle\Java\javapath;C:\Program Files (x86)\Common Files\Oracle\Java\javapath;C:\androidstudioflutter\flutter\bin;C:\Windows\system32;C:\Windows;C:\Windows\System32\Wbem;C:\Windows\System32\WindowsPowerShell\v1.0\;C:\Windows\System32\OpenSSH\;C:\Program Files\dotnet\;C:\Program Files\Git\cmd;C:\Program Files\NVIDIA Corporation\NVIDIA NvDLISR;C:\Program Files (x86)\NVIDIA Corporation\PhysX\Common;C:\Program Files\Docker\Docker\resources\bin;C:\Users\kayae\AppData\Roaming\nvm;C:\Program Files\nodejs;C:\Users\kayae\AppData\Local\Android\Sdk\platform-tools;C:\Users\kayae\AppData\Local\Android\Sdk\tools;C:\Users\kayae\AppData\Local\Android\Sdk\platform-tools;C:\Users\kayae\AppData\Local\Android\Sdk\tools;C:\Users\kayae\AppData\Local\Microsoft\WindowsApps;C:\Users\kayae\.dotnet\tools;C:\Program Files\Java\jdk-17\bin;C:\src\flutter\bin;C:\Users\kayae\AppData\Local\Programs\Microsoft VS Code\bin;C:\Users\kayae\AppData\Roaming\npm;C:\Users\kayae\AppData\Local\GitHubDesktop\bin;C:\Program Files\JetBrains\DataGrip 2023.2.3\bin;;C:\Users\kayae\AppData\Local\Android\Sdk\platform-tools;C:\Users\kayae\AppData\Roaming\nvm;C:\Program Files\nodejs

Yarn version: 
  1.22.19

Node version: 
  18.18.2

Platform: 
  win32 x64

Trace: 
  Error: EPERM: operation not permitted, unlink 'C:\Users\kayae\Desktop\appFellasFrontEnd\node_modules\@esbuild\win32-x64\esbuild.exe'

npm manifest: 
  {
    "name": "appfellas-front-end",
    "private": true,
    "version": "0.0.0",
    "type": "module",
    "scripts": {
      "dev": "vite",
      "build": "tsc -b && vite build",
      "lint": "eslint .",
      "preview": "vite preview"
    },
    "dependencies": {
      "bootstrap": "^5.3.3",
      "react": "^18.3.1",
      "react-datepicker": "^7.3.0",
      "react-dom": "^18.3.1",
      "react-select": "^5.8.1",
      "react-switch-selector": "^2.3.0"
    },
    "devDependencies": {
      "@eslint/js": "^9.9.0",
      "@types/react": "^18.3.3",
      "@types/react-dom": "^18.3.0",
      "@vitejs/plugin-react": "^4.3.1",
      "eslint": "^9.9.0",
      "eslint-plugin-react-hooks": "^5.1.0-rc.0",
      "eslint-plugin-react-refresh": "^0.4.9",
      "globals": "^15.9.0",
      "typescript": "^5.5.3",
      "typescript-eslint": "^8.0.1",
      "vite": "^5.4.1"
    }
  }

yarn manifest: 
  No manifest

Lockfile: 
  No lockfile
